#
# There is insufficient memory for the Java Runtime Environment to continue.
# Native memory allocation (mmap) failed to map 141557760 bytes for G1 virtual space
# Possible reasons:
#   The system is out of physical RAM or swap space
#   The process is running with CompressedOops enabled, and the Java Heap may be blocking the growth of the native heap
# Possible solutions:
#   Reduce memory load on the system
#   Increase physical memory or swap space
#   Check if swap backing store is full
#   Decrease Java heap size (-Xmx/-Xms)
#   Decrease number of Java threads
#   Decrease Java thread stack sizes (-Xss)
#   Set larger code cache with -XX:ReservedCodeCacheSize=
#   JVM is running with Unscaled Compressed Oops mode in which the Java heap is
#     placed in the first 4GB address space. The Java Heap base address is the
#     maximum limit for the native heap growth. Please use -XX:HeapBaseMinAddress
#     to set the Java Heap base and to place the Java Heap above 4GB virtual address.
# This output file may be truncated or incomplete.
#
#  Out of Memory Error (os_windows.cpp:3548), pid=16728, tid=5784
#
# JRE version: Java(TM) SE Runtime Environment (17.0.10+11) (build 17.0.10+11-LTS-240)
# Java VM: Java HotSpot(TM) 64-Bit Server VM (17.0.10+11-LTS-240, mixed mode, emulated-client, sharing, tiered, compressed oops, compressed class ptrs, g1 gc, windows-amd64)
# No core dump will be written. Minidumps are not enabled by default on client versions of Windows
#

---------------  S U M M A R Y ------------

Command Line: -XX:TieredStopAtLevel=1 -Dspring.output.ansi.enabled=always -Dcom.sun.management.jmxremote -Dspring.jmx.enabled=true -Dspring.liveBeansView.mbeanDomain -Dspring.application.admin.enabled=true -Dmanagement.endpoints.jmx.exposure.include=* -javaagent:C:\Program Files\JetBrains\IntelliJ IDEA 2023.1.2\lib\idea_rt.jar=54041:C:\Program Files\JetBrains\IntelliJ IDEA 2023.1.2\bin -Dfile.encoding=UTF-8 com.paydai.api.PaydaiServerApplication

Host: Intel(R) Core(TM) i5-5257U CPU @ 2.70GHz, 4 cores, 7G,  Windows 10 , 64 bit Build 19041 (10.0.19041.3636)
Time: Wed Jul  3 12:06:54 2024 W. Central Africa Standard Time elapsed time: 27.104221 seconds (0d 0h 0m 27s)

---------------  T H R E A D  ---------------

Current thread (0x00000258ffde1370):  VMThread "VM Thread" [stack: 0x0000009a9db00000,0x0000009a9dc00000] [id=5784]

Stack: [0x0000009a9db00000,0x0000009a9dc00000]
Native frames: (J=compiled Java code, j=interpreted, Vv=VM code, C=native code)
V  [jvm.dll+0x677a5a]
V  [jvm.dll+0x7d8b2d]
V  [jvm.dll+0x7da48e]
V  [jvm.dll+0x7daaf3]
V  [jvm.dll+0x2455ff]
V  [jvm.dll+0x6749b9]
V  [jvm.dll+0x669382]
V  [jvm.dll+0x302e96]
V  [jvm.dll+0x30a416]
V  [jvm.dll+0x359cbe]
V  [jvm.dll+0x359eef]
V  [jvm.dll+0x2d9e88]
V  [jvm.dll+0x2d8295]
V  [jvm.dll+0x2d789c]
V  [jvm.dll+0x31b18b]
V  [jvm.dll+0x7df30b]
V  [jvm.dll+0x7e0044]
V  [jvm.dll+0x7e055d]
V  [jvm.dll+0x7e0934]
V  [jvm.dll+0x7e0a00]
V  [jvm.dll+0x78888a]
V  [jvm.dll+0x676935]
C  [ucrtbase.dll+0x21bb2]
C  [KERNEL32.DLL+0x17344]
C  [ntdll.dll+0x526b1]

VM_Operation (0x0000009a9fbfd520): G1CollectForAllocation, mode: safepoint, requested by thread 0x00000258cbf09d00


---------------  P R O C E S S  ---------------

Threads class SMR info:
_java_thread_list=0x00000258cbcdd1a0, length=33, elements={
0x00000258f0756900, 0x00000258ffde93f0, 0x00000258ffdea270, 0x00000258ffdfa1c0,
0x00000258ffdfb850, 0x00000258ffdff330, 0x00000258ffdffcf0, 0x00000258ffe00ec0,
0x00000258ffe018c0, 0x00000258ffdd1c50, 0x00000258c9169e00, 0x00000258c916a320,
0x00000258c94fd1d0, 0x00000258c9647610, 0x00000258c97b7430, 0x00000258c9b84700,
0x00000258c9bbd6c0, 0x00000258c9bd2280, 0x00000258c9bd31b0, 0x00000258c9bd2ca0,
0x00000258c9bd1d70, 0x00000258c9bd0e40, 0x00000258c9bcff10, 0x00000258c9bd1860,
0x00000258c9bd0420, 0x00000258c9bd1350, 0x00000258cbf09d00, 0x00000258cbf0a210,
0x00000258cbf0cfa0, 0x00000258cbf0ca90, 0x00000258cbf06550, 0x00000258cbf097f0,
0x00000258cbf0a720
}

Java Threads: ( => current thread )
  0x00000258f0756900 JavaThread "main" [_thread_blocked, id=8280, stack(0x0000009a9d500000,0x0000009a9d600000)]
  0x00000258ffde93f0 JavaThread "Reference Handler" daemon [_thread_blocked, id=14604, stack(0x0000009a9dc00000,0x0000009a9dd00000)]
  0x00000258ffdea270 JavaThread "Finalizer" daemon [_thread_blocked, id=15280, stack(0x0000009a9dd00000,0x0000009a9de00000)]
  0x00000258ffdfa1c0 JavaThread "Signal Dispatcher" daemon [_thread_blocked, id=840, stack(0x0000009a9de00000,0x0000009a9df00000)]
  0x00000258ffdfb850 JavaThread "Attach Listener" daemon [_thread_blocked, id=8340, stack(0x0000009a9df00000,0x0000009a9e000000)]
  0x00000258ffdff330 JavaThread "Service Thread" daemon [_thread_blocked, id=16660, stack(0x0000009a9e000000,0x0000009a9e100000)]
  0x00000258ffdffcf0 JavaThread "Monitor Deflation Thread" daemon [_thread_blocked, id=600, stack(0x0000009a9e100000,0x0000009a9e200000)]
  0x00000258ffe00ec0 JavaThread "C1 CompilerThread0" daemon [_thread_blocked, id=9264, stack(0x0000009a9e200000,0x0000009a9e300000)]
  0x00000258ffe018c0 JavaThread "Sweeper thread" daemon [_thread_blocked, id=17224, stack(0x0000009a9e300000,0x0000009a9e400000)]
  0x00000258ffdd1c50 JavaThread "Common-Cleaner" daemon [_thread_blocked, id=10460, stack(0x0000009a9e400000,0x0000009a9e500000)]
  0x00000258c9169e00 JavaThread "C1 CompilerThread1" daemon [_thread_blocked, id=2940, stack(0x0000009a9e500000,0x0000009a9e600000)]
  0x00000258c916a320 JavaThread "C1 CompilerThread2" daemon [_thread_blocked, id=14204, stack(0x0000009a9e600000,0x0000009a9e700000)]
  0x00000258c94fd1d0 JavaThread "Monitor Ctrl-Break" daemon [_thread_in_native, id=14436, stack(0x0000009a9e700000,0x0000009a9e800000)]
  0x00000258c9647610 JavaThread "Notification Thread" daemon [_thread_blocked, id=8584, stack(0x0000009a9e800000,0x0000009a9e900000)]
  0x00000258c97b7430 JavaThread "RMI TCP Accept-0" daemon [_thread_in_native, id=7668, stack(0x0000009a9e900000,0x0000009a9ea00000)]
  0x00000258c9b84700 JavaThread "RMI TCP Connection(2)-192.168.0.198" daemon [_thread_in_native, id=3208, stack(0x0000009a9ef00000,0x0000009a9f000000)]
  0x00000258c9bbd6c0 JavaThread "RMI Scheduler(0)" daemon [_thread_blocked, id=9108, stack(0x0000009a9f000000,0x0000009a9f100000)]
  0x00000258c9bd2280 JavaThread "Thread-0" [_thread_blocked, id=16128, stack(0x0000009a9f200000,0x0000009a9f300000)]
  0x00000258c9bd31b0 JavaThread "restartedMain" [_thread_blocked, id=2760, stack(0x0000009a9f100000,0x0000009a9f200000)]
  0x00000258c9bd2ca0 JavaThread "PostgreSQL-JDBC-Cleaner" daemon [_thread_blocked, id=12484, stack(0x0000009a9f400000,0x0000009a9f500000)]
  0x00000258c9bd1d70 JavaThread "HikariPool-1 housekeeper" daemon [_thread_blocked, id=8316, stack(0x0000009a9f500000,0x0000009a9f600000)]
  0x00000258c9bd0e40 JavaThread "RMI TCP Connection(3)-192.168.0.198" daemon [_thread_in_native, id=15696, stack(0x0000009a9f700000,0x0000009a9f800000)]
  0x00000258c9bcff10 JavaThread "Catalina-utility-1" [_thread_blocked, id=16348, stack(0x0000009a9f800000,0x0000009a9f900000)]
  0x00000258c9bd1860 JavaThread "Catalina-utility-2" [_thread_blocked, id=13580, stack(0x0000009a9f900000,0x0000009a9fa00000)]
  0x00000258c9bd0420 JavaThread "container-0" [_thread_blocked, id=3040, stack(0x0000009a9fa00000,0x0000009a9fb00000)]
  0x00000258c9bd1350 JavaThread "ClassGraph-worker-48" daemon [_thread_blocked, id=1248, stack(0x0000009a9f600000,0x0000009a9f700000)]
  0x00000258cbf09d00 JavaThread "ClassGraph-worker-49" daemon [_thread_blocked, id=13100, stack(0x0000009a9fb00000,0x0000009a9fc00000)]
  0x00000258cbf0a210 JavaThread "ClassGraph-worker-50" daemon [_thread_blocked, id=3772, stack(0x0000009a9fc00000,0x0000009a9fd00000)]
  0x00000258cbf0cfa0 JavaThread "ClassGraph-worker-51" daemon [_thread_blocked, id=16556, stack(0x0000009a9fd00000,0x0000009a9fe00000)]
  0x00000258cbf0ca90 JavaThread "ClassGraph-worker-52" daemon [_thread_blocked, id=9032, stack(0x0000009a9fe00000,0x0000009a9ff00000)]
  0x00000258cbf06550 JavaThread "ClassGraph-worker-53" daemon [_thread_blocked, id=16012, stack(0x0000009a9ff00000,0x0000009aa0000000)]
  0x00000258cbf097f0 JavaThread "ClassGraph-worker-54" daemon [_thread_blocked, id=4240, stack(0x0000009aa0000000,0x0000009aa0100000)]
  0x00000258cbf0a720 JavaThread "ClassGraph-worker-55" daemon [_thread_blocked, id=13672, stack(0x0000009aa0100000,0x0000009aa0200000)]

Other Threads:
=>0x00000258ffde1370 VMThread "VM Thread" [stack: 0x0000009a9db00000,0x0000009a9dc00000] [id=5784]
  0x00000258c982d090 WatcherThread [stack: 0x0000009a9ea00000,0x0000009a9eb00000] [id=5140]
  0x00000258f07b2390 GCTaskThread "GC Thread#0" [stack: 0x0000009a9d600000,0x0000009a9d700000] [id=3228]
  0x00000258c9852c90 GCTaskThread "GC Thread#1" [stack: 0x0000009a9eb00000,0x0000009a9ec00000] [id=6204]
  0x00000258c9877190 GCTaskThread "GC Thread#2" [stack: 0x0000009a9ec00000,0x0000009a9ed00000] [id=16656]
  0x00000258c97beb20 GCTaskThread "GC Thread#3" [stack: 0x0000009a9ed00000,0x0000009a9ee00000] [id=4400]
  0x00000258f07c2fe0 ConcurrentGCThread "G1 Main Marker" [stack: 0x0000009a9d700000,0x0000009a9d800000] [id=11524]
  0x00000258f07c39f0 ConcurrentGCThread "G1 Conc#0" [stack: 0x0000009a9d800000,0x0000009a9d900000] [id=3740]
  0x00000258f0819910 ConcurrentGCThread "G1 Refine#0" [stack: 0x0000009a9d900000,0x0000009a9da00000] [id=13920]
  0x00000258c97bf730 ConcurrentGCThread "G1 Refine#1" [stack: 0x0000009a9ee00000,0x0000009a9ef00000] [id=12032]
  0x00000258ffca0890 ConcurrentGCThread "G1 Service" [stack: 0x0000009a9da00000,0x0000009a9db00000] [id=9920]

Threads with active compile tasks:

VM state: at safepoint (normal execution)

VM Mutex/Monitor currently owned by a thread:  ([mutex/lock_event])
[0x00000258f0752b10] Threads_lock - owner thread: 0x00000258ffde1370
[0x00000258f07529f0] Heap_lock - owner thread: 0x00000258cbf09d00

Heap address: 0x0000000081800000, size: 2024 MB, Compressed Oops mode: 32-bit

CDS archive(s) mapped at: [0x0000025884000000-0x0000025884bd0000-0x0000025884bd0000), size 12386304, SharedBaseAddress: 0x0000025884000000, ArchiveRelocationMode: 1.
Compressed class space mapped at: 0x0000025885000000-0x00000258c5000000, reserved size: 1073741824
Narrow klass base: 0x0000025884000000, Narrow klass shift: 0, Narrow klass range: 0x100000000

GC Precious Log:
 CPUs: 4 total, 4 available
 Memory: 8094M
 Large Page Support: Disabled
 NUMA Support: Disabled
 Compressed Oops: Enabled (32-bit)
 Heap Region Size: 1M
 Heap Min Capacity: 8M
 Heap Initial Capacity: 128M
 Heap Max Capacity: 2024M
 Pre-touch: Disabled
 Parallel Workers: 4
 Concurrent Workers: 1
 Concurrent Refinement Workers: 4
 Periodic GC: Disabled

Heap:
 garbage-first heap   total 138240K, used 74193K [0x0000000081800000, 0x0000000100000000)
  region size 1024K, 1 young (1024K), 1 survivors (1024K)
 Metaspace       used 64444K, committed 65152K, reserved 1114112K
  class space    used 9247K, committed 9600K, reserved 1048576K

Heap Regions: E=young(eden), S=young(survivor), O=old, HS=humongous(starts), HC=humongous(continues), CS=collection set, F=free, OA=open archive, CA=closed archive, TAMS=top-at-mark-start (previous, next)
|   0|0x0000000081800000, 0x0000000081900000, 0x0000000081900000|100%|HS|  |TAMS 0x0000000081900000, 0x0000000081800000| Complete 
|   1|0x0000000081900000, 0x0000000081a00000, 0x0000000081a00000|100%|HS|  |TAMS 0x0000000081a00000, 0x0000000081900000| Complete 
|   2|0x0000000081a00000, 0x0000000081b00000, 0x0000000081b00000|100%| O|  |TAMS 0x0000000081b00000, 0x0000000081a00000| Untracked 
|   3|0x0000000081b00000, 0x0000000081c00000, 0x0000000081c00000|100%| O|  |TAMS 0x0000000081c00000, 0x0000000081b00000| Untracked 
|   4|0x0000000081c00000, 0x0000000081d00000, 0x0000000081d00000|100%| O|  |TAMS 0x0000000081d00000, 0x0000000081c00000| Untracked 
|   5|0x0000000081d00000, 0x0000000081e00000, 0x0000000081e00000|100%| O|  |TAMS 0x0000000081e00000, 0x0000000081d00000| Untracked 
|   6|0x0000000081e00000, 0x0000000081f00000, 0x0000000081f00000|100%| O|  |TAMS 0x0000000081f00000, 0x0000000081e00000| Untracked 
|   7|0x0000000081f00000, 0x0000000082000000, 0x0000000082000000|100%| O|  |TAMS 0x0000000082000000, 0x0000000081f00000| Untracked 
|   8|0x0000000082000000, 0x0000000082100000, 0x0000000082100000|100%| O|  |TAMS 0x0000000082100000, 0x0000000082000000| Untracked 
|   9|0x0000000082100000, 0x0000000082200000, 0x0000000082200000|100%| O|  |TAMS 0x0000000082200000, 0x0000000082100000| Untracked 
|  10|0x0000000082200000, 0x0000000082300000, 0x0000000082300000|100%| O|  |TAMS 0x0000000082300000, 0x0000000082200000| Untracked 
|  11|0x0000000082300000, 0x0000000082400000, 0x0000000082400000|100%| O|  |TAMS 0x0000000082400000, 0x0000000082300000| Untracked 
|  12|0x0000000082400000, 0x0000000082500000, 0x0000000082500000|100%| O|  |TAMS 0x0000000082500000, 0x0000000082400000| Untracked 
|  13|0x0000000082500000, 0x0000000082600000, 0x0000000082600000|100%| O|  |TAMS 0x0000000082600000, 0x0000000082500000| Untracked 
|  14|0x0000000082600000, 0x0000000082700000, 0x0000000082700000|100%| O|  |TAMS 0x0000000082700000, 0x0000000082600000| Untracked 
|  15|0x0000000082700000, 0x0000000082800000, 0x0000000082800000|100%| O|  |TAMS 0x0000000082800000, 0x0000000082700000| Untracked 
|  16|0x0000000082800000, 0x0000000082900000, 0x0000000082900000|100%| O|  |TAMS 0x0000000082900000, 0x0000000082800000| Untracked 
|  17|0x0000000082900000, 0x0000000082a00000, 0x0000000082a00000|100%| O|  |TAMS 0x0000000082a00000, 0x0000000082900000| Untracked 
|  18|0x0000000082a00000, 0x0000000082b00000, 0x0000000082b00000|100%| O|  |TAMS 0x0000000082b00000, 0x0000000082a00000| Untracked 
|  19|0x0000000082b00000, 0x0000000082c00000, 0x0000000082c00000|100%| O|  |TAMS 0x0000000082c00000, 0x0000000082b00000| Untracked 
|  20|0x0000000082c00000, 0x0000000082d00000, 0x0000000082d00000|100%| O|  |TAMS 0x0000000082d00000, 0x0000000082c00000| Untracked 
|  21|0x0000000082d00000, 0x0000000082e00000, 0x0000000082e00000|100%| O|  |TAMS 0x0000000082e00000, 0x0000000082d00000| Untracked 
|  22|0x0000000082e00000, 0x0000000082f00000, 0x0000000082f00000|100%| O|  |TAMS 0x0000000082f00000, 0x0000000082e00000| Untracked 
|  23|0x0000000082f00000, 0x0000000083000000, 0x0000000083000000|100%| O|  |TAMS 0x0000000083000000, 0x0000000082f00000| Untracked 
|  24|0x0000000083000000, 0x0000000083100000, 0x0000000083100000|100%| O|  |TAMS 0x0000000083100000, 0x0000000083000000| Untracked 
|  25|0x0000000083100000, 0x0000000083200000, 0x0000000083200000|100%| O|  |TAMS 0x0000000083200000, 0x0000000083100000| Untracked 
|  26|0x0000000083200000, 0x0000000083300000, 0x0000000083300000|100%| O|  |TAMS 0x0000000083300000, 0x0000000083200000| Untracked 
|  27|0x0000000083300000, 0x0000000083400000, 0x0000000083400000|100%| O|  |TAMS 0x0000000083400000, 0x0000000083300000| Untracked 
|  28|0x0000000083400000, 0x0000000083500000, 0x0000000083500000|100%| O|  |TAMS 0x0000000083500000, 0x0000000083400000| Untracked 
|  29|0x0000000083500000, 0x0000000083600000, 0x0000000083600000|100%| O|  |TAMS 0x0000000083600000, 0x0000000083500000| Untracked 
|  30|0x0000000083600000, 0x0000000083700000, 0x0000000083700000|100%| O|  |TAMS 0x0000000083700000, 0x0000000083600000| Untracked 
|  31|0x0000000083700000, 0x0000000083800000, 0x0000000083800000|100%| O|  |TAMS 0x0000000083800000, 0x0000000083700000| Untracked 
|  32|0x0000000083800000, 0x0000000083900000, 0x0000000083900000|100%| O|  |TAMS 0x0000000083900000, 0x0000000083800000| Untracked 
|  33|0x0000000083900000, 0x0000000083a00000, 0x0000000083a00000|100%| O|  |TAMS 0x0000000083a00000, 0x0000000083900000| Untracked 
|  34|0x0000000083a00000, 0x0000000083b00000, 0x0000000083b00000|100%| O|  |TAMS 0x0000000083b00000, 0x0000000083a00000| Untracked 
|  35|0x0000000083b00000, 0x0000000083b00000, 0x0000000083c00000|  0%| F|  |TAMS 0x0000000083b00000, 0x0000000083b00000| Untracked 
|  36|0x0000000083c00000, 0x0000000083c00000, 0x0000000083d00000|  0%| F|  |TAMS 0x0000000083c00000, 0x0000000083c00000| Untracked 
|  37|0x0000000083d00000, 0x0000000083d00000, 0x0000000083e00000|  0%| F|  |TAMS 0x0000000083d00000, 0x0000000083d00000| Untracked 
|  38|0x0000000083e00000, 0x0000000083e00000, 0x0000000083f00000|  0%| F|  |TAMS 0x0000000083e00000, 0x0000000083e00000| Untracked 
|  39|0x0000000083f00000, 0x0000000084000000, 0x0000000084000000|100%| O|  |TAMS 0x0000000083f00000, 0x0000000083f00000| Untracked 
|  40|0x0000000084000000, 0x0000000084100000, 0x0000000084100000|100%|HS|  |TAMS 0x0000000084000000, 0x0000000084000000| Complete 
|  41|0x0000000084100000, 0x0000000084200000, 0x0000000084200000|100%| O|  |TAMS 0x0000000084100000, 0x0000000084100000| Untracked 
|  42|0x0000000084200000, 0x0000000084300000, 0x0000000084300000|100%| O|  |TAMS 0x0000000084300000, 0x0000000084200000| Untracked 
|  43|0x0000000084300000, 0x0000000084300000, 0x0000000084400000|  0%| F|  |TAMS 0x0000000084300000, 0x0000000084300000| Untracked 
|  44|0x0000000084400000, 0x0000000084500000, 0x0000000084500000|100%| O|  |TAMS 0x0000000084500000, 0x0000000084400000| Untracked 
|  45|0x0000000084500000, 0x0000000084600000, 0x0000000084600000|100%| O|  |TAMS 0x0000000084600000, 0x0000000084500000| Untracked 
|  46|0x0000000084600000, 0x0000000084600000, 0x0000000084700000|  0%| F|  |TAMS 0x0000000084600000, 0x0000000084600000| Untracked 
|  47|0x0000000084700000, 0x0000000084700000, 0x0000000084800000|  0%| F|  |TAMS 0x0000000084700000, 0x0000000084700000| Untracked 
|  48|0x0000000084800000, 0x0000000084800000, 0x0000000084900000|  0%| F|  |TAMS 0x0000000084800000, 0x0000000084800000| Untracked 
|  49|0x0000000084900000, 0x0000000084900000, 0x0000000084a00000|  0%| F|  |TAMS 0x0000000084900000, 0x0000000084900000| Untracked 
|  50|0x0000000084a00000, 0x0000000084a00000, 0x0000000084b00000|  0%| F|  |TAMS 0x0000000084a00000, 0x0000000084a00000| Untracked 
|  51|0x0000000084b00000, 0x0000000084c00000, 0x0000000084c00000|100%| O|  |TAMS 0x0000000084c00000, 0x0000000084b00000| Untracked 
|  52|0x0000000084c00000, 0x0000000084c00000, 0x0000000084d00000|  0%| F|  |TAMS 0x0000000084c00000, 0x0000000084c00000| Untracked 
|  53|0x0000000084d00000, 0x0000000084d00000, 0x0000000084e00000|  0%| F|  |TAMS 0x0000000084d00000, 0x0000000084d00000| Untracked 
|  54|0x0000000084e00000, 0x0000000084f00000, 0x0000000084f00000|100%| O|  |TAMS 0x0000000084f00000, 0x0000000084e00000| Untracked 
|  55|0x0000000084f00000, 0x0000000084f00000, 0x0000000085000000|  0%| F|  |TAMS 0x0000000084f00000, 0x0000000084f00000| Untracked 
|  56|0x0000000085000000, 0x0000000085100000, 0x0000000085100000|100%| O|  |TAMS 0x0000000085100000, 0x0000000085000000| Untracked 
|  57|0x0000000085100000, 0x0000000085200000, 0x0000000085200000|100%| O|  |TAMS 0x0000000085200000, 0x0000000085100000| Untracked 
|  58|0x0000000085200000, 0x0000000085300000, 0x0000000085300000|100%| O|  |TAMS 0x0000000085300000, 0x0000000085200000| Untracked 
|  59|0x0000000085300000, 0x0000000085400000, 0x0000000085400000|100%| O|  |TAMS 0x0000000085400000, 0x0000000085300000| Untracked 
|  60|0x0000000085400000, 0x0000000085400000, 0x0000000085500000|  0%| F|  |TAMS 0x0000000085400000, 0x0000000085400000| Untracked 
|  61|0x0000000085500000, 0x0000000085600000, 0x0000000085600000|100%| O|  |TAMS 0x0000000085600000, 0x0000000085500000| Untracked 
|  62|0x0000000085600000, 0x0000000085700000, 0x0000000085700000|100%| O|  |TAMS 0x0000000085700000, 0x0000000085600000| Untracked 
|  63|0x0000000085700000, 0x0000000085800000, 0x0000000085800000|100%| O|  |TAMS 0x0000000085757a00, 0x0000000085700000| Untracked 
|  64|0x0000000085800000, 0x0000000085900000, 0x0000000085900000|100%| O|  |TAMS 0x0000000085800000, 0x0000000085800000| Untracked 
|  65|0x0000000085900000, 0x0000000085a00000, 0x0000000085a00000|100%| O|  |TAMS 0x0000000085900000, 0x0000000085900000| Untracked 
|  66|0x0000000085a00000, 0x0000000085b00000, 0x0000000085b00000|100%| O|  |TAMS 0x0000000085a00000, 0x0000000085a00000| Untracked 
|  67|0x0000000085b00000, 0x0000000085c00000, 0x0000000085c00000|100%| O|  |TAMS 0x0000000085b00000, 0x0000000085b00000| Untracked 
|  68|0x0000000085c00000, 0x0000000085d00000, 0x0000000085d00000|100%| O|  |TAMS 0x0000000085c00000, 0x0000000085c00000| Untracked 
|  69|0x0000000085d00000, 0x0000000085e00000, 0x0000000085e00000|100%| O|  |TAMS 0x0000000085d00000, 0x0000000085d00000| Untracked 
|  70|0x0000000085e00000, 0x0000000085f00000, 0x0000000085f00000|100%| O|  |TAMS 0x0000000085e00000, 0x0000000085e00000| Untracked 
|  71|0x0000000085f00000, 0x0000000086000000, 0x0000000086000000|100%| O|  |TAMS 0x0000000085f00000, 0x0000000085f00000| Untracked 
|  72|0x0000000086000000, 0x0000000086100000, 0x0000000086100000|100%| O|  |TAMS 0x0000000086000000, 0x0000000086000000| Untracked 
|  73|0x0000000086100000, 0x0000000086200000, 0x0000000086200000|100%| O|  |TAMS 0x0000000086100000, 0x0000000086100000| Untracked 
|  74|0x0000000086200000, 0x0000000086300000, 0x0000000086300000|100%| O|  |TAMS 0x0000000086200000, 0x0000000086200000| Untracked 
|  75|0x0000000086300000, 0x0000000086400000, 0x0000000086400000|100%| O|  |TAMS 0x0000000086300000, 0x0000000086300000| Untracked 
|  76|0x0000000086400000, 0x0000000086500000, 0x0000000086500000|100%| O|  |TAMS 0x0000000086400000, 0x0000000086400000| Untracked 
|  77|0x0000000086500000, 0x0000000086600000, 0x0000000086600000|100%| O|  |TAMS 0x0000000086500000, 0x0000000086500000| Untracked 
|  78|0x0000000086600000, 0x0000000086700000, 0x0000000086700000|100%| O|  |TAMS 0x0000000086600000, 0x0000000086600000| Untracked 
|  79|0x0000000086700000, 0x0000000086800000, 0x0000000086800000|100%| O|  |TAMS 0x0000000086700000, 0x0000000086700000| Untracked 
|  80|0x0000000086800000, 0x0000000086900000, 0x0000000086900000|100%| O|  |TAMS 0x0000000086800000, 0x0000000086800000| Untracked 
|  81|0x0000000086900000, 0x0000000086a00000, 0x0000000086a00000|100%| O|  |TAMS 0x0000000086900000, 0x0000000086900000| Untracked 
|  82|0x0000000086a00000, 0x0000000086b00000, 0x0000000086b00000|100%| O|  |TAMS 0x0000000086a00000, 0x0000000086a00000| Untracked 
|  83|0x0000000086b00000, 0x0000000086c00000, 0x0000000086c00000|100%| O|  |TAMS 0x0000000086b00000, 0x0000000086b00000| Untracked 
|  84|0x0000000086c00000, 0x0000000086d00000, 0x0000000086d00000|100%| O|  |TAMS 0x0000000086c00000, 0x0000000086c00000| Untracked 
|  85|0x0000000086d00000, 0x0000000086d87a00, 0x0000000086e00000| 52%| O|  |TAMS 0x0000000086d00000, 0x0000000086d00000| Untracked 
|  86|0x0000000086e00000, 0x0000000086e00000, 0x0000000086f00000|  0%| F|  |TAMS 0x0000000086e00000, 0x0000000086e00000| Untracked 
|  87|0x0000000086f00000, 0x0000000086f00000, 0x0000000087000000|  0%| F|  |TAMS 0x0000000086f00000, 0x0000000086f00000| Untracked 
|  88|0x0000000087000000, 0x0000000087000000, 0x0000000087100000|  0%| F|  |TAMS 0x0000000087000000, 0x0000000087000000| Untracked 
|  89|0x0000000087100000, 0x0000000087100000, 0x0000000087200000|  0%| F|  |TAMS 0x0000000087100000, 0x0000000087100000| Untracked 
|  90|0x0000000087200000, 0x0000000087200000, 0x0000000087300000|  0%| F|  |TAMS 0x0000000087200000, 0x0000000087200000| Untracked 
|  91|0x0000000087300000, 0x0000000087300000, 0x0000000087400000|  0%| F|  |TAMS 0x0000000087300000, 0x0000000087300000| Untracked 
|  92|0x0000000087400000, 0x0000000087400000, 0x0000000087500000|  0%| F|  |TAMS 0x0000000087400000, 0x0000000087400000| Untracked 
|  93|0x0000000087500000, 0x0000000087500000, 0x0000000087600000|  0%| F|  |TAMS 0x0000000087500000, 0x0000000087500000| Untracked 
|  94|0x0000000087600000, 0x0000000087600000, 0x0000000087700000|  0%| F|  |TAMS 0x0000000087600000, 0x0000000087600000| Untracked 
|  95|0x0000000087700000, 0x0000000087700000, 0x0000000087800000|  0%| F|  |TAMS 0x0000000087700000, 0x0000000087700000| Untracked 
|  96|0x0000000087800000, 0x0000000087800000, 0x0000000087900000|  0%| F|  |TAMS 0x0000000087800000, 0x0000000087800000| Untracked 
|  97|0x0000000087900000, 0x0000000087900000, 0x0000000087a00000|  0%| F|  |TAMS 0x0000000087900000, 0x0000000087900000| Untracked 
|  98|0x0000000087a00000, 0x0000000087a00000, 0x0000000087b00000|  0%| F|  |TAMS 0x0000000087a00000, 0x0000000087a00000| Untracked 
|  99|0x0000000087b00000, 0x0000000087b00000, 0x0000000087c00000|  0%| F|  |TAMS 0x0000000087b00000, 0x0000000087b00000| Untracked 
| 100|0x0000000087c00000, 0x0000000087c00000, 0x0000000087d00000|  0%| F|  |TAMS 0x0000000087c00000, 0x0000000087c00000| Untracked 
| 101|0x0000000087d00000, 0x0000000087d00000, 0x0000000087e00000|  0%| F|  |TAMS 0x0000000087d00000, 0x0000000087d00000| Untracked 
| 102|0x0000000087e00000, 0x0000000087e00000, 0x0000000087f00000|  0%| F|  |TAMS 0x0000000087e00000, 0x0000000087e00000| Untracked 
| 103|0x0000000087f00000, 0x0000000087f00000, 0x0000000088000000|  0%| F|  |TAMS 0x0000000087f00000, 0x0000000087f00000| Untracked 
| 104|0x0000000088000000, 0x0000000088000000, 0x0000000088100000|  0%| F|  |TAMS 0x0000000088000000, 0x0000000088000000| Untracked 
| 105|0x0000000088100000, 0x0000000088100000, 0x0000000088200000|  0%| F|  |TAMS 0x0000000088100000, 0x0000000088100000| Untracked 
| 106|0x0000000088200000, 0x0000000088200000, 0x0000000088300000|  0%| F|  |TAMS 0x0000000088200000, 0x0000000088200000| Untracked 
| 107|0x0000000088300000, 0x0000000088300000, 0x0000000088400000|  0%| F|  |TAMS 0x0000000088300000, 0x0000000088300000| Untracked 
| 108|0x0000000088400000, 0x0000000088400000, 0x0000000088500000|  0%| F|  |TAMS 0x0000000088400000, 0x0000000088400000| Untracked 
| 109|0x0000000088500000, 0x0000000088500000, 0x0000000088600000|  0%| F|  |TAMS 0x0000000088500000, 0x0000000088500000| Untracked 
| 110|0x0000000088600000, 0x0000000088600000, 0x0000000088700000|  0%| F|  |TAMS 0x0000000088600000, 0x0000000088600000| Untracked 
| 111|0x0000000088700000, 0x0000000088700000, 0x0000000088800000|  0%| F|  |TAMS 0x0000000088700000, 0x0000000088700000| Untracked 
| 112|0x0000000088800000, 0x0000000088800000, 0x0000000088900000|  0%| F|  |TAMS 0x0000000088800000, 0x0000000088800000| Untracked 
| 113|0x0000000088900000, 0x0000000088900000, 0x0000000088a00000|  0%| F|  |TAMS 0x0000000088900000, 0x0000000088900000| Untracked 
| 114|0x0000000088a00000, 0x0000000088a00000, 0x0000000088b00000|  0%| F|  |TAMS 0x0000000088a00000, 0x0000000088a00000| Untracked 
| 115|0x0000000088b00000, 0x0000000088b00000, 0x0000000088c00000|  0%| F|  |TAMS 0x0000000088b00000, 0x0000000088b00000| Untracked 
| 116|0x0000000088c00000, 0x0000000088c00000, 0x0000000088d00000|  0%| F|  |TAMS 0x0000000088c00000, 0x0000000088c00000| Untracked 
| 117|0x0000000088d00000, 0x0000000088d00000, 0x0000000088e00000|  0%| F|  |TAMS 0x0000000088d00000, 0x0000000088d00000| Untracked 
| 118|0x0000000088e00000, 0x0000000088e00000, 0x0000000088f00000|  0%| F|  |TAMS 0x0000000088e00000, 0x0000000088e00000| Untracked 
| 119|0x0000000088f00000, 0x0000000088f00000, 0x0000000089000000|  0%| F|  |TAMS 0x0000000088f00000, 0x0000000088f00000| Untracked 
| 120|0x0000000089000000, 0x0000000089000000, 0x0000000089100000|  0%| F|  |TAMS 0x0000000089000000, 0x0000000089000000| Untracked 
| 121|0x0000000089100000, 0x0000000089100000, 0x0000000089200000|  0%| F|  |TAMS 0x0000000089100000, 0x0000000089100000| Untracked 
| 122|0x0000000089200000, 0x0000000089200000, 0x0000000089300000|  0%| F|  |TAMS 0x0000000089200000, 0x0000000089200000| Untracked 
| 123|0x0000000089300000, 0x0000000089300000, 0x0000000089400000|  0%| F|  |TAMS 0x0000000089300000, 0x0000000089300000| Untracked 
| 124|0x0000000089400000, 0x0000000089400000, 0x0000000089500000|  0%| F|  |TAMS 0x0000000089400000, 0x0000000089400000| Untracked 
| 125|0x0000000089500000, 0x0000000089500000, 0x0000000089600000|  0%| F|  |TAMS 0x0000000089500000, 0x0000000089500000| Untracked 
| 126|0x0000000089600000, 0x0000000089600000, 0x0000000089700000|  0%| F|  |TAMS 0x0000000089600000, 0x0000000089600000| Untracked 
| 127|0x0000000089700000, 0x0000000089700000, 0x0000000089800000|  0%| F|  |TAMS 0x0000000089700000, 0x0000000089700000| Untracked 
| 128|0x0000000089800000, 0x0000000089800000, 0x0000000089900000|  0%| F|  |TAMS 0x0000000089800000, 0x0000000089800000| Untracked 
| 129|0x0000000089900000, 0x0000000089900000, 0x0000000089a00000|  0%| F|  |TAMS 0x0000000089900000, 0x0000000089900000| Untracked 
| 130|0x0000000089a00000, 0x0000000089a00000, 0x0000000089b00000|  0%| F|  |TAMS 0x0000000089a00000, 0x0000000089a00000| Untracked 
| 131|0x0000000089b00000, 0x0000000089becb50, 0x0000000089c00000| 92%| S|CS|TAMS 0x0000000089b00000, 0x0000000089b00000| Complete 
| 132|0x0000000089c00000, 0x0000000089c00000, 0x0000000089d00000|  0%| F|  |TAMS 0x0000000089c00000, 0x0000000089c00000| Untracked 
| 133|0x0000000089d00000, 0x0000000089d00000, 0x0000000089e00000|  0%| F|  |TAMS 0x0000000089d00000, 0x0000000089d00000| Untracked 
| 134|0x0000000089e00000, 0x0000000089e00000, 0x0000000089f00000|  0%| F|  |TAMS 0x0000000089e00000, 0x0000000089e00000| Untracked 

Card table byte_map: [0x00000258fd050000,0x00000258fd450000] _byte_map_base: 0x00000258fcc44000

Marking Bits (Prev, Next): (CMBitMap*) 0x00000258f07b29f0, (CMBitMap*) 0x00000258f07b29b0
 Prev Bits: [0x0000025880000000, 0x0000025881fa0000)
 Next Bits: [0x00000258fd850000, 0x00000258ff7f0000)

Polling page: 0x00000258f0530000

Metaspace:

Usage:
  Non-class:     53.90 MB used.
      Class:      9.03 MB used.
       Both:     62.93 MB used.

Virtual space:
  Non-class space:       64.00 MB reserved,      54.25 MB ( 85%) committed,  1 nodes.
      Class space:        1.00 GB reserved,       9.38 MB ( <1%) committed,  1 nodes.
             Both:        1.06 GB reserved,      63.62 MB (  6%) committed. 

Chunk freelists:
   Non-Class:  9.00 MB
       Class:  6.55 MB
        Both:  15.54 MB

MaxMetaspaceSize: unlimited
CompressedClassSpaceSize: 1.00 GB
Initial GC threshold: 21.00 MB
Current GC threshold: 106.06 MB
CDS: on
MetaspaceReclaimPolicy: balanced
 - commit_granule_bytes: 65536.
 - commit_granule_words: 8192.
 - virtual_space_node_default_size: 8388608.
 - enlarge_chunks_in_place: 1.
 - new_chunks_are_fully_committed: 0.
 - uncommit_free_chunks: 1.
 - use_allocation_guard: 0.
 - handle_deallocations: 1.


Internal statistics:

num_allocs_failed_limit: 9.
num_arena_births: 926.
num_arena_deaths: 0.
num_vsnodes_births: 2.
num_vsnodes_deaths: 0.
num_space_committed: 1018.
num_space_uncommitted: 0.
num_chunks_returned_to_freelist: 9.
num_chunks_taken_from_freelist: 3413.
num_chunk_merges: 9.
num_chunk_splits: 2390.
num_chunks_enlarged: 1765.
num_inconsistent_stats: 0.

CodeCache: size=49152Kb used=14143Kb max_used=14143Kb free=35008Kb
 bounds [0x00000258f97b0000, 0x00000258fa580000, 0x00000258fc7b0000]
 total_blobs=8072 nmethods=7412 adapters=583
 compilation: enabled
              stopped_count=0, restarted_count=0
 full_count=0

Compilation events (20 events):
Event: 26.834 Thread 0x00000258c916a320 nmethod 7403 0x00000258fa57a390 code [0x00000258fa57a5a0, 0x00000258fa57ab38]
Event: 26.836 Thread 0x00000258ffe00ec0 nmethod 7400 0x00000258fa57ae90 code [0x00000258fa57b2c0, 0x00000258fa57c7f8]
Event: 26.848 Thread 0x00000258ffe00ec0 7404       1       java.lang.ThreadGroup::getMaxPriority (5 bytes)
Event: 26.848 Thread 0x00000258ffe00ec0 nmethod 7404 0x00000258fa57db90 code [0x00000258fa57dd20, 0x00000258fa57ddf8]
Event: 26.848 Thread 0x00000258c9169e00 7405       1       java.lang.ThreadLocal$ThreadLocalMap::getEntryAfterMiss (59 bytes)
Event: 26.849 Thread 0x00000258c9169e00 nmethod 7405 0x00000258fa57de90 code [0x00000258fa57e060, 0x00000258fa57e2a8]
Event: 26.849 Thread 0x00000258c9169e00 7406       1       java.lang.Thread::getPriority (5 bytes)
Event: 26.849 Thread 0x00000258c9169e00 nmethod 7406 0x00000258fa57e410 code [0x00000258fa57e5a0, 0x00000258fa57e678]
Event: 26.849 Thread 0x00000258c9169e00 7407       1       java.lang.Thread::isDaemon (5 bytes)
Event: 26.849 Thread 0x00000258c9169e00 nmethod 7407 0x00000258fa57e710 code [0x00000258fa57e8a0, 0x00000258fa57e978]
Event: 26.997 Thread 0x00000258c916a320 7408       1       java.rmi.server.UID::read (34 bytes)
Event: 26.997 Thread 0x00000258ffe00ec0 7409       1       java.rmi.server.UID::<init> (21 bytes)
Event: 26.998 Thread 0x00000258ffe00ec0 nmethod 7409 0x00000258fa57ea10 code [0x00000258fa57eba0, 0x00000258fa57ec78]
Event: 26.998 Thread 0x00000258c916a320 nmethod 7408 0x00000258fa57ed10 code [0x00000258fa57eec0, 0x00000258fa57f068]
Event: 26.998 Thread 0x00000258c9169e00 7410   !   1       sun.rmi.transport.ObjectTable::getTarget (26 bytes)
Event: 26.998 Thread 0x00000258c9169e00 nmethod 7410 0x00000258fa57f190 code [0x00000258fa57f340, 0x00000258fa57f568]
Event: 27.020 Thread 0x00000258c9169e00 7411       1       java.lang.invoke.LambdaForm$MH/0x000002588510a000::invoke (27 bytes)
Event: 27.020 Thread 0x00000258c9169e00 nmethod 7411 0x00000258fa57f710 code [0x00000258fa57f8c0, 0x00000258fa57fa38]
Event: 27.047 Thread 0x00000258c916a320 7412       1       java.nio.DirectByteBuffer::cleaner (5 bytes)
Event: 27.047 Thread 0x00000258c916a320 nmethod 7412 0x00000258fa57fb10 code [0x00000258fa57fca0, 0x00000258fa57fd78]

GC Heap History (20 events):
Event: 25.496 GC heap after
{Heap after GC invocations=23 (full 0):
 garbage-first heap   total 63488K, used 36016K [0x0000000081800000, 0x0000000100000000)
  region size 1024K, 3 young (3072K), 3 survivors (3072K)
 Metaspace       used 64125K, committed 64768K, reserved 1114112K
  class space    used 9209K, committed 9536K, reserved 1048576K
}
Event: 25.542 GC heap before
{Heap before GC invocations=23 (full 0):
 garbage-first heap   total 63488K, used 37040K [0x0000000081800000, 0x0000000100000000)
  region size 1024K, 5 young (5120K), 3 survivors (3072K)
 Metaspace       used 64286K, committed 64896K, reserved 1114112K
  class space    used 9223K, committed 9536K, reserved 1048576K
}
Event: 25.547 GC heap after
{Heap after GC invocations=24 (full 0):
 garbage-first heap   total 63488K, used 36480K [0x0000000081800000, 0x0000000100000000)
  region size 1024K, 1 young (1024K), 1 survivors (1024K)
 Metaspace       used 64286K, committed 64896K, reserved 1114112K
  class space    used 9223K, committed 9536K, reserved 1048576K
}
Event: 25.636 GC heap before
{Heap before GC invocations=24 (full 0):
 garbage-first heap   total 63488K, used 50816K [0x0000000081800000, 0x0000000100000000)
  region size 1024K, 15 young (15360K), 1 survivors (1024K)
 Metaspace       used 64308K, committed 64960K, reserved 1114112K
  class space    used 9226K, committed 9536K, reserved 1048576K
}
Event: 25.641 GC heap after
{Heap after GC invocations=25 (full 0):
 garbage-first heap   total 63488K, used 39236K [0x0000000081800000, 0x0000000100000000)
  region size 1024K, 2 young (2048K), 2 survivors (2048K)
 Metaspace       used 64308K, committed 64960K, reserved 1114112K
  class space    used 9226K, committed 9536K, reserved 1048576K
}
Event: 25.740 GC heap before
{Heap before GC invocations=26 (full 0):
 garbage-first heap   total 70656K, used 46404K [0x0000000081800000, 0x0000000100000000)
  region size 1024K, 11 young (11264K), 2 survivors (2048K)
 Metaspace       used 64308K, committed 64960K, reserved 1114112K
  class space    used 9226K, committed 9536K, reserved 1048576K
}
Event: 25.744 GC heap after
{Heap after GC invocations=27 (full 0):
 garbage-first heap   total 70656K, used 41213K [0x0000000081800000, 0x0000000100000000)
  region size 1024K, 2 young (2048K), 2 survivors (2048K)
 Metaspace       used 64308K, committed 64960K, reserved 1114112K
  class space    used 9226K, committed 9536K, reserved 1048576K
}
Event: 25.817 GC heap before
{Heap before GC invocations=27 (full 0):
 garbage-first heap   total 70656K, used 55549K [0x0000000081800000, 0x0000000100000000)
  region size 1024K, 16 young (16384K), 2 survivors (2048K)
 Metaspace       used 64308K, committed 64960K, reserved 1114112K
  class space    used 9226K, committed 9536K, reserved 1048576K
}
Event: 25.822 GC heap after
{Heap after GC invocations=28 (full 0):
 garbage-first heap   total 130048K, used 44589K [0x0000000081800000, 0x0000000100000000)
  region size 1024K, 2 young (2048K), 2 survivors (2048K)
 Metaspace       used 64308K, committed 64960K, reserved 1114112K
  class space    used 9226K, committed 9536K, reserved 1048576K
}
Event: 26.323 GC heap before
{Heap before GC invocations=29 (full 0):
 garbage-first heap   total 130048K, used 98861K [0x0000000081800000, 0x0000000100000000)
  region size 1024K, 54 young (55296K), 2 survivors (2048K)
 Metaspace       used 64403K, committed 65088K, reserved 1114112K
  class space    used 9240K, committed 9600K, reserved 1048576K
}
Event: 26.340 GC heap after
{Heap after GC invocations=30 (full 0):
 garbage-first heap   total 130048K, used 58634K [0x0000000081800000, 0x0000000100000000)
  region size 1024K, 7 young (7168K), 7 survivors (7168K)
 Metaspace       used 64403K, committed 65088K, reserved 1114112K
  class space    used 9240K, committed 9600K, reserved 1048576K
}
Event: 26.691 GC heap before
{Heap before GC invocations=30 (full 0):
 garbage-first heap   total 130048K, used 98570K [0x0000000081800000, 0x0000000100000000)
  region size 1024K, 46 young (47104K), 7 survivors (7168K)
 Metaspace       used 64403K, committed 65088K, reserved 1114112K
  class space    used 9240K, committed 9600K, reserved 1048576K
}
Event: 26.709 GC heap after
{Heap after GC invocations=31 (full 0):
 garbage-first heap   total 130048K, used 69982K [0x0000000081800000, 0x0000000100000000)
  region size 1024K, 6 young (6144K), 6 survivors (6144K)
 Metaspace       used 64403K, committed 65088K, reserved 1114112K
  class space    used 9240K, committed 9600K, reserved 1048576K
}
Event: 26.742 GC heap before
{Heap before GC invocations=31 (full 0):
 garbage-first heap   total 130048K, used 73054K [0x0000000081800000, 0x0000000100000000)
  region size 1024K, 10 young (10240K), 6 survivors (6144K)
 Metaspace       used 64403K, committed 65088K, reserved 1114112K
  class space    used 9240K, committed 9600K, reserved 1048576K
}
Event: 26.748 GC heap after
{Heap after GC invocations=32 (full 0):
 garbage-first heap   total 130048K, used 72287K [0x0000000081800000, 0x0000000100000000)
  region size 1024K, 2 young (2048K), 2 survivors (2048K)
 Metaspace       used 64403K, committed 65088K, reserved 1114112K
  class space    used 9240K, committed 9600K, reserved 1048576K
}
Event: 26.896 GC heap before
{Heap before GC invocations=32 (full 0):
 garbage-first heap   total 130048K, used 101983K [0x0000000081800000, 0x0000000100000000)
  region size 1024K, 30 young (30720K), 2 survivors (2048K)
 Metaspace       used 64444K, committed 65152K, reserved 1114112K
  class space    used 9247K, committed 9600K, reserved 1048576K
}
Event: 26.907 GC heap after
{Heap after GC invocations=33 (full 0):
 garbage-first heap   total 130048K, used 81610K [0x0000000081800000, 0x0000000100000000)
  region size 1024K, 4 young (4096K), 4 survivors (4096K)
 Metaspace       used 64444K, committed 65152K, reserved 1114112K
  class space    used 9247K, committed 9600K, reserved 1048576K
}
Event: 27.068 GC heap before
{Heap before GC invocations=34 (full 0):
 garbage-first heap   total 138240K, used 100042K [0x0000000081800000, 0x0000000100000000)
  region size 1024K, 24 young (24576K), 4 survivors (4096K)
 Metaspace       used 64444K, committed 65152K, reserved 1114112K
  class space    used 9247K, committed 9600K, reserved 1048576K
}
Event: 27.080 GC heap after
{Heap after GC invocations=35 (full 0):
 garbage-first heap   total 138240K, used 85591K [0x0000000081800000, 0x0000000100000000)
  region size 1024K, 3 young (3072K), 3 survivors (3072K)
 Metaspace       used 64444K, committed 65152K, reserved 1114112K
  class space    used 9247K, committed 9600K, reserved 1048576K
}
Event: 27.087 GC heap before
{Heap before GC invocations=35 (full 0):
 garbage-first heap   total 138240K, used 88663K [0x0000000081800000, 0x0000000100000000)
  region size 1024K, 6 young (6144K), 3 survivors (3072K)
 Metaspace       used 64444K, committed 65152K, reserved 1114112K
  class space    used 9247K, committed 9600K, reserved 1048576K
}

Deoptimization events (8 events):
Event: 13.365 Thread 0x00000258c9bd31b0 DEOPT PACKING pc=0x00000258f9f144ec sp=0x0000009a9f1fc670
Event: 13.365 Thread 0x00000258c9bd31b0 DEOPT UNPACKING pc=0x00000258f9802b43 sp=0x0000009a9f1fbb28 mode 0
Event: 23.258 Thread 0x00000258c9bd31b0 DEOPT PACKING pc=0x00000258f9d4e7a4 sp=0x0000009a9f1f9f30
Event: 23.258 Thread 0x00000258c9bd31b0 DEOPT UNPACKING pc=0x00000258f9802b43 sp=0x0000009a9f1f9488 mode 0
Event: 23.701 Thread 0x00000258c9bd31b0 DEOPT PACKING pc=0x00000258f9d1b92a sp=0x0000009a9f1fc170
Event: 23.701 Thread 0x00000258c9bd31b0 DEOPT UNPACKING pc=0x00000258f9802b43 sp=0x0000009a9f1fb678 mode 3
Event: 23.701 Thread 0x00000258c9bd31b0 DEOPT PACKING pc=0x00000258f9d10ca5 sp=0x0000009a9f1fc130
Event: 23.701 Thread 0x00000258c9bd31b0 DEOPT UNPACKING pc=0x00000258f9802b43 sp=0x0000009a9f1fb678 mode 3

Classes unloaded (0 events):
No events

Classes redefined (0 events):
No events

Internal exceptions (20 events):
Event: 26.851 Thread 0x00000258cbf09d00 Exception <a 'sun/nio/fs/WindowsException'{0x000000008804e400}> (0x000000008804e400) 
thrown [s\open\src\hotspot\share\prims\jni.cpp, line 516]
Event: 26.851 Thread 0x00000258cbf09d00 Exception <a 'sun/nio/fs/WindowsException'{0x000000008804e748}> (0x000000008804e748) 
thrown [s\open\src\hotspot\share\prims\jni.cpp, line 516]
Event: 26.851 Thread 0x00000258cbf09d00 Exception <a 'sun/nio/fs/WindowsException'{0x000000008804f108}> (0x000000008804f108) 
thrown [s\open\src\hotspot\share\prims\jni.cpp, line 516]
Event: 26.851 Thread 0x00000258cbf09d00 Exception <a 'sun/nio/fs/WindowsException'{0x000000008804f488}> (0x000000008804f488) 
thrown [s\open\src\hotspot\share\prims\jni.cpp, line 516]
Event: 26.851 Thread 0x00000258cbf09d00 Exception <a 'sun/nio/fs/WindowsException'{0x000000008804fe20}> (0x000000008804fe20) 
thrown [s\open\src\hotspot\share\prims\jni.cpp, line 516]
Event: 26.851 Thread 0x00000258cbf09d00 Exception <a 'sun/nio/fs/WindowsException'{0x0000000088050170}> (0x0000000088050170) 
thrown [s\open\src\hotspot\share\prims\jni.cpp, line 516]
Event: 26.852 Thread 0x00000258cbf09d00 Exception <a 'sun/nio/fs/WindowsException'{0x0000000088050ad0}> (0x0000000088050ad0) 
thrown [s\open\src\hotspot\share\prims\jni.cpp, line 516]
Event: 26.852 Thread 0x00000258cbf09d00 Exception <a 'sun/nio/fs/WindowsException'{0x0000000088050de8}> (0x0000000088050de8) 
thrown [s\open\src\hotspot\share\prims\jni.cpp, line 516]
Event: 26.852 Thread 0x00000258cbf09d00 Exception <a 'sun/nio/fs/WindowsException'{0x0000000088051758}> (0x0000000088051758) 
thrown [s\open\src\hotspot\share\prims\jni.cpp, line 516]
Event: 26.852 Thread 0x00000258cbf09d00 Exception <a 'sun/nio/fs/WindowsException'{0x0000000088051a88}> (0x0000000088051a88) 
thrown [s\open\src\hotspot\share\prims\jni.cpp, line 516]
Event: 26.852 Thread 0x00000258cbf09d00 Exception <a 'sun/nio/fs/WindowsException'{0x00000000880523f8}> (0x00000000880523f8) 
thrown [s\open\src\hotspot\share\prims\jni.cpp, line 516]
Event: 26.853 Thread 0x00000258cbf09d00 Exception <a 'sun/nio/fs/WindowsException'{0x0000000088052718}> (0x0000000088052718) 
thrown [s\open\src\hotspot\share\prims\jni.cpp, line 516]
Event: 26.853 Thread 0x00000258cbf09d00 Exception <a 'sun/nio/fs/WindowsException'{0x0000000088053088}> (0x0000000088053088) 
thrown [s\open\src\hotspot\share\prims\jni.cpp, line 516]
Event: 26.853 Thread 0x00000258cbf09d00 Exception <a 'sun/nio/fs/WindowsException'{0x00000000880533b8}> (0x00000000880533b8) 
thrown [s\open\src\hotspot\share\prims\jni.cpp, line 516]
Event: 26.853 Thread 0x00000258cbf09d00 Exception <a 'sun/nio/fs/WindowsException'{0x0000000088053d50}> (0x0000000088053d50) 
thrown [s\open\src\hotspot\share\prims\jni.cpp, line 516]
Event: 26.853 Thread 0x00000258cbf09d00 Exception <a 'sun/nio/fs/WindowsException'{0x00000000880540a0}> (0x00000000880540a0) 
thrown [s\open\src\hotspot\share\prims\jni.cpp, line 516]
Event: 26.853 Thread 0x00000258cbf09d00 Exception <a 'sun/nio/fs/WindowsException'{0x0000000088054a48}> (0x0000000088054a48) 
thrown [s\open\src\hotspot\share\prims\jni.cpp, line 516]
Event: 26.853 Thread 0x00000258cbf09d00 Exception <a 'sun/nio/fs/WindowsException'{0x0000000088054da8}> (0x0000000088054da8) 
thrown [s\open\src\hotspot\share\prims\jni.cpp, line 516]
Event: 26.853 Thread 0x00000258cbf09d00 Exception <a 'sun/nio/fs/WindowsException'{0x0000000088055740}> (0x0000000088055740) 
thrown [s\open\src\hotspot\share\prims\jni.cpp, line 516]
Event: 26.853 Thread 0x00000258cbf09d00 Exception <a 'sun/nio/fs/WindowsException'{0x0000000088055aa0}> (0x0000000088055aa0) 
thrown [s\open\src\hotspot\share\prims\jni.cpp, line 516]

VM Operations (20 events):
Event: 25.900 Executing VM operation: G1Concurrent done
Event: 25.958 Executing VM operation: G1Concurrent
Event: 25.958 Executing VM operation: G1Concurrent done
Event: 25.961 Executing VM operation: HandshakeAllThreads
Event: 25.961 Executing VM operation: HandshakeAllThreads done
Event: 26.323 Executing VM operation: G1CollectForAllocation
Event: 26.341 Executing VM operation: G1CollectForAllocation done
Event: 26.691 Executing VM operation: G1CollectForAllocation
Event: 26.709 Executing VM operation: G1CollectForAllocation done
Event: 26.742 Executing VM operation: G1TryInitiateConcMark
Event: 26.748 Executing VM operation: G1TryInitiateConcMark done
Event: 26.891 Executing VM operation: G1CollectForAllocation
Event: 26.911 Executing VM operation: G1CollectForAllocation done
Event: 26.918 Executing VM operation: G1Concurrent
Event: 26.924 Executing VM operation: G1Concurrent done
Event: 27.004 Executing VM operation: G1Concurrent
Event: 27.020 Executing VM operation: G1Concurrent done
Event: 27.068 Executing VM operation: G1CollectForAllocation
Event: 27.081 Executing VM operation: G1CollectForAllocation done
Event: 27.087 Executing VM operation: G1CollectForAllocation

Events (20 events):
Event: 26.813 Thread 0x00000258cbf0ac30 Thread added: 0x00000258cbf0ac30
Event: 26.813 Thread 0x00000258cbf06f70 Thread added: 0x00000258cbf06f70
Event: 26.818 Thread 0x00000258cbf0ac30 Thread exited: 0x00000258cbf0ac30
Event: 26.818 Thread 0x00000258cbf0b650 Thread exited: 0x00000258cbf0b650
Event: 26.818 Thread 0x00000258cbf08dd0 Thread exited: 0x00000258cbf08dd0
Event: 26.818 Thread 0x00000258cbf07480 Thread exited: 0x00000258cbf07480
Event: 26.818 Thread 0x00000258cbf0a720 Thread exited: 0x00000258cbf0a720
Event: 26.818 Thread 0x00000258cbf06550 Thread exited: 0x00000258cbf06550
Event: 26.818 Thread 0x00000258cbf06f70 Thread exited: 0x00000258cbf06f70
Event: 26.818 Thread 0x00000258cbf092e0 Thread exited: 0x00000258cbf092e0
Event: 26.847 Thread 0x00000258c9bd1350 Thread added: 0x00000258c9bd1350
Event: 26.848 Thread 0x00000258cbf09d00 Thread added: 0x00000258cbf09d00
Event: 26.848 Thread 0x00000258cbf0a210 Thread added: 0x00000258cbf0a210
Event: 26.848 Thread 0x00000258cbf0cfa0 Thread added: 0x00000258cbf0cfa0
Event: 26.848 Thread 0x00000258cbf0ca90 Thread added: 0x00000258cbf0ca90
Event: 26.848 Thread 0x00000258cbf06550 Thread added: 0x00000258cbf06550
Event: 26.848 Thread 0x00000258cbf097f0 Thread added: 0x00000258cbf097f0
Event: 26.849 Thread 0x00000258cbf0a720 Thread added: 0x00000258cbf0a720
Event: 26.998 Thread 0x00000258cbf088c0 Thread added: 0x00000258cbf088c0
Event: 27.020 Thread 0x00000258cbf088c0 Thread exited: 0x00000258cbf088c0


Dynamic libraries:
0x00007ff7dd970000 - 0x00007ff7dd980000 	C:\Program Files\Java\jdk-17\bin\java.exe
0x00007ffc90330000 - 0x00007ffc90528000 	C:\WINDOWS\SYSTEM32\ntdll.dll
0x00007ffc8e470000 - 0x00007ffc8e52d000 	C:\WINDOWS\System32\KERNEL32.DLL
0x00007ffc8da50000 - 0x00007ffc8dd46000 	C:\WINDOWS\System32\KERNELBASE.dll
0x00007ffc8e050000 - 0x00007ffc8e150000 	C:\WINDOWS\System32\ucrtbase.dll
0x00007ffc82240000 - 0x00007ffc8225b000 	C:\Program Files\Java\jdk-17\bin\VCRUNTIME140.dll
0x00007ffc85750000 - 0x00007ffc85769000 	C:\Program Files\Java\jdk-17\bin\jli.dll
0x00007ffc8e530000 - 0x00007ffc8e5e3000 	C:\WINDOWS\System32\ADVAPI32.dll
0x00007ffc8f530000 - 0x00007ffc8f5ce000 	C:\WINDOWS\System32\msvcrt.dll
0x00007ffc8e3d0000 - 0x00007ffc8e46f000 	C:\WINDOWS\System32\sechost.dll
0x00007ffc8e5f0000 - 0x00007ffc8e716000 	C:\WINDOWS\System32\RPCRT4.dll
0x00007ffc8ded0000 - 0x00007ffc8def7000 	C:\WINDOWS\System32\bcrypt.dll
0x00007ffc90150000 - 0x00007ffc902ee000 	C:\WINDOWS\System32\USER32.dll
0x00007ffc8df00000 - 0x00007ffc8df22000 	C:\WINDOWS\System32\win32u.dll
0x00007ffc900b0000 - 0x00007ffc900db000 	C:\WINDOWS\System32\GDI32.dll
0x00007ffc8e150000 - 0x00007ffc8e267000 	C:\WINDOWS\System32\gdi32full.dll
0x00007ffc7b5c0000 - 0x00007ffc7b85a000 	C:\WINDOWS\WinSxS\amd64_microsoft.windows.common-controls_6595b64144ccf1df_6.0.19041.3636_none_60b6a03d71f818d5\COMCTL32.dll
0x00007ffc8dde0000 - 0x00007ffc8de7d000 	C:\WINDOWS\System32\msvcp_win.dll
0x00007ffc80e00000 - 0x00007ffc80e0a000 	C:\WINDOWS\SYSTEM32\VERSION.dll
0x00007ffc8ffd0000 - 0x00007ffc90002000 	C:\WINDOWS\System32\IMM32.DLL
0x00007ffc86080000 - 0x00007ffc8608c000 	C:\Program Files\Java\jdk-17\bin\vcruntime140_1.dll
0x00007ffc664f0000 - 0x00007ffc6657e000 	C:\Program Files\Java\jdk-17\bin\msvcp140.dll
0x00007ffc21db0000 - 0x00007ffc2298f000 	C:\Program Files\Java\jdk-17\bin\server\jvm.dll
0x00007ffc8fca0000 - 0x00007ffc8fca8000 	C:\WINDOWS\System32\PSAPI.DLL
0x00007ffc7ddf0000 - 0x00007ffc7ddf9000 	C:\WINDOWS\SYSTEM32\WSOCK32.dll
0x00007ffc900e0000 - 0x00007ffc9014b000 	C:\WINDOWS\System32\WS2_32.dll
0x00007ffc7da90000 - 0x00007ffc7dab7000 	C:\WINDOWS\SYSTEM32\WINMM.dll
0x00007ffc8c2c0000 - 0x00007ffc8c2d2000 	C:\WINDOWS\SYSTEM32\kernel.appcore.dll
0x00007ffc85720000 - 0x00007ffc8572a000 	C:\Program Files\Java\jdk-17\bin\jimage.dll
0x00007ffc81c60000 - 0x00007ffc81e44000 	C:\WINDOWS\SYSTEM32\DBGHELP.DLL
0x00007ffc81c00000 - 0x00007ffc81c34000 	C:\WINDOWS\SYSTEM32\dbgcore.DLL
0x00007ffc8dd50000 - 0x00007ffc8ddd2000 	C:\WINDOWS\System32\bcryptPrimitives.dll
0x00007ffc82220000 - 0x00007ffc8222e000 	C:\Program Files\Java\jdk-17\bin\instrument.dll
0x00007ffc820e0000 - 0x00007ffc82105000 	C:\Program Files\Java\jdk-17\bin\java.dll
0x00007ffc65ba0000 - 0x00007ffc65c77000 	C:\Program Files\Java\jdk-17\bin\jsvml.dll
0x00007ffc8ea80000 - 0x00007ffc8f1c5000 	C:\WINDOWS\System32\SHELL32.dll
0x00007ffc8b920000 - 0x00007ffc8c0bc000 	C:\WINDOWS\SYSTEM32\windows.storage.dll
0x00007ffc8f1d0000 - 0x00007ffc8f524000 	C:\WINDOWS\System32\combase.dll
0x00007ffc8d3b0000 - 0x00007ffc8d3de000 	C:\WINDOWS\SYSTEM32\Wldp.dll
0x00007ffc8fd10000 - 0x00007ffc8fddd000 	C:\WINDOWS\System32\OLEAUT32.dll
0x00007ffc8fde0000 - 0x00007ffc8fe8d000 	C:\WINDOWS\System32\SHCORE.dll
0x00007ffc8fc40000 - 0x00007ffc8fc95000 	C:\WINDOWS\System32\shlwapi.dll
0x00007ffc8d980000 - 0x00007ffc8d9a5000 	C:\WINDOWS\SYSTEM32\profapi.dll
0x00007ffc7cef0000 - 0x00007ffc7cf08000 	C:\Program Files\Java\jdk-17\bin\zip.dll
0x00007ffc81e60000 - 0x00007ffc81e79000 	C:\Program Files\Java\jdk-17\bin\net.dll
0x00007ffc81360000 - 0x00007ffc8146a000 	C:\WINDOWS\SYSTEM32\WINHTTP.dll
0x00007ffc8d110000 - 0x00007ffc8d17a000 	C:\WINDOWS\system32\mswsock.dll
0x00007ffc81160000 - 0x00007ffc81176000 	C:\Program Files\Java\jdk-17\bin\nio.dll
0x00007ffc82200000 - 0x00007ffc8221a000 	C:\Program Files\JetBrains\IntelliJ IDEA 2023.1.2\bin\breakgen64.dll
0x00007ffc8ce40000 - 0x00007ffc8cf0b000 	C:\WINDOWS\SYSTEM32\DNSAPI.dll
0x00007ffc8ce00000 - 0x00007ffc8ce3b000 	C:\WINDOWS\SYSTEM32\IPHLPAPI.DLL
0x00007ffc8f690000 - 0x00007ffc8f698000 	C:\WINDOWS\System32\NSI.dll
0x00007ffc85900000 - 0x00007ffc8590a000 	C:\Windows\System32\rasadhlp.dll
0x00007ffc80be0000 - 0x00007ffc80c60000 	C:\WINDOWS\System32\fwpuclnt.dll
0x00007ffc821f0000 - 0x00007ffc821fa000 	C:\Program Files\Java\jdk-17\bin\management.dll
0x00007ffc80eb0000 - 0x00007ffc80ebb000 	C:\Program Files\Java\jdk-17\bin\management_ext.dll
0x00007ffc8d300000 - 0x00007ffc8d318000 	C:\WINDOWS\SYSTEM32\CRYPTSP.dll
0x00007ffc8ca40000 - 0x00007ffc8ca74000 	C:\WINDOWS\system32\rsaenh.dll
0x00007ffc8d940000 - 0x00007ffc8d96e000 	C:\WINDOWS\SYSTEM32\USERENV.dll
0x00007ffc8d320000 - 0x00007ffc8d32c000 	C:\WINDOWS\SYSTEM32\CRYPTBASE.dll
0x00007ffc81950000 - 0x00007ffc81967000 	C:\WINDOWS\SYSTEM32\dhcpcsvc6.DLL
0x00007ffc84a80000 - 0x00007ffc84a9d000 	C:\WINDOWS\SYSTEM32\dhcpcsvc.DLL
0x00007ffc6c850000 - 0x00007ffc6c867000 	C:\WINDOWS\system32\napinsp.dll
0x00007ffc6c830000 - 0x00007ffc6c84b000 	C:\WINDOWS\system32\pnrpnsp.dll
0x00007ffc889b0000 - 0x00007ffc889c5000 	C:\WINDOWS\system32\wshbth.dll
0x00007ffc85920000 - 0x00007ffc8593d000 	C:\WINDOWS\system32\NLAapi.dll
0x00007ffc6a360000 - 0x00007ffc6a372000 	C:\WINDOWS\System32\winrnr.dll
0x00007ffc7cf40000 - 0x00007ffc7cf4e000 	C:\Program Files\Java\jdk-17\bin\sunmscapi.dll
0x00007ffc8e270000 - 0x00007ffc8e3cd000 	C:\WINDOWS\System32\CRYPT32.dll
0x00007ffc8d420000 - 0x00007ffc8d448000 	C:\WINDOWS\SYSTEM32\ncrypt.dll
0x00007ffc8d3e0000 - 0x00007ffc8d41b000 	C:\WINDOWS\SYSTEM32\NTASN1.dll
0x00007ffc81e50000 - 0x00007ffc81e60000 	C:\Program Files\Java\jdk-17\bin\verify.dll

dbghelp: loaded successfully - version: 4.0.5 - missing functions: none
symbol engine: initialized successfully - sym options: 0x614 - pdb path: .;C:\Program Files\Java\jdk-17\bin;C:\WINDOWS\SYSTEM32;C:\WINDOWS\WinSxS\amd64_microsoft.windows.common-controls_6595b64144ccf1df_6.0.19041.3636_none_60b6a03d71f818d5;C:\Program Files\Java\jdk-17\bin\server;C:\Program Files\JetBrains\IntelliJ IDEA 2023.1.2\bin

VM Arguments:
jvm_args: -XX:TieredStopAtLevel=1 -Dspring.output.ansi.enabled=always -Dcom.sun.management.jmxremote -Dspring.jmx.enabled=true -Dspring.liveBeansView.mbeanDomain -Dspring.application.admin.enabled=true -Dmanagement.endpoints.jmx.exposure.include=* -javaagent:C:\Program Files\JetBrains\IntelliJ IDEA 2023.1.2\lib\idea_rt.jar=54041:C:\Program Files\JetBrains\IntelliJ IDEA 2023.1.2\bin -Dfile.encoding=UTF-8 
java_command: com.paydai.api.PaydaiServerApplication
java_class_path (initial): C:\Users\User\OneDrive\Desktop\projects\paydai\paydai-backend\target\classes;C:\Users\User\.m2\repository\org\springframework\boot\spring-boot-starter-data-jpa\3.2.5\spring-boot-starter-data-jpa-3.2.5.jar;C:\Users\User\.m2\repository\org\springframework\boot\spring-boot-starter-aop\3.2.5\spring-boot-starter-aop-3.2.5.jar;C:\Users\User\.m2\repository\org\aspectj\aspectjweaver\1.9.22\aspectjweaver-1.9.22.jar;C:\Users\User\.m2\repository\org\springframework\boot\spring-boot-starter-jdbc\3.2.5\spring-boot-starter-jdbc-3.2.5.jar;C:\Users\User\.m2\repository\com\zaxxer\HikariCP\5.0.1\HikariCP-5.0.1.jar;C:\Users\User\.m2\repository\org\springframework\spring-jdbc\6.1.6\spring-jdbc-6.1.6.jar;C:\Users\User\.m2\repository\org\hibernate\orm\hibernate-core\6.4.4.Final\hibernate-core-6.4.4.Final.jar;C:\Users\User\.m2\repository\jakarta\persistence\jakarta.persistence-api\3.1.0\jakarta.persistence-api-3.1.0.jar;C:\Users\User\.m2\repository\jakarta\transaction\jakarta.transaction-api\2.0.1\jakarta.transaction-api-2.0.1.jar;C:\Users\User\.m2\repository\org\jboss\logging\jboss-logging\3.5.3.Final\jboss-logging-3.5.3.Final.jar;C:\Users\User\.m2\repository\org\hibernate\common\hibernate-commons-annotations\6.0.6.Final\hibernate-commons-annotations-6.0.6.Final.jar;C:\Users\User\.m2\repository\io\smallrye\jandex\3.1.2\jandex-3.1.2.jar;C:\Users\User\.m2\repository\com\fasterxml\classmate\1.6.0\classmate-1.6.0.jar;C:\Users\User\.m2\repository\net\bytebuddy\byte-buddy\1.14.13\byte-buddy-1.14.13.jar;C:\Users\User\.m2\repository\org\glassfish\jaxb\jaxb-runtime\4.0.5\jaxb-runtime-4.0.5.jar;C:\Users\User\.m2\repository\org\glassfish\jaxb\jaxb-core\4.0.5\jaxb-core-4.0.5.jar;C:\Users\User\.m2\repository\org\glassfish\jaxb\txw2\4.0.5\txw2-4.0.5.jar;C:\Users\User\.m2\repository\com\sun\istack\istack-commons-runtime\4.1.2\istack-commons-runtime-4.1.2.jar;C:\Users\User\.m2\repository\jakarta\inject\jakarta.inject-api\2.0.1\jakarta.inject-api-2.0.1.jar;C:\Users\User\.m2\r
Launcher Type: SUN_STANDARD

[Global flags]
     intx CICompilerCount                          = 3                                         {product} {ergonomic}
     uint ConcGCThreads                            = 1                                         {product} {ergonomic}
     uint G1ConcRefinementThreads                  = 4                                         {product} {ergonomic}
   size_t G1HeapRegionSize                         = 1048576                                   {product} {ergonomic}
    uintx GCDrainStackTargetSize                   = 64                                        {product} {ergonomic}
   size_t InitialHeapSize                          = 134217728                                 {product} {ergonomic}
     bool ManagementServer                         = true                                      {product} {command line}
   size_t MarkStackSize                            = 4194304                                   {product} {ergonomic}
   size_t MaxHeapSize                              = 2122317824                                {product} {ergonomic}
   size_t MaxNewSize                               = 1272971264                                {product} {ergonomic}
   size_t MinHeapDeltaBytes                        = 1048576                                   {product} {ergonomic}
   size_t MinHeapSize                              = 8388608                                   {product} {ergonomic}
    uintx NonProfiledCodeHeapSize                  = 0                                      {pd product} {ergonomic}
     bool ProfileInterpreter                       = false                                  {pd product} {command line}
    uintx ProfiledCodeHeapSize                     = 0                                      {pd product} {ergonomic}
   size_t SoftMaxHeapSize                          = 2122317824                             {manageable} {ergonomic}
     intx TieredStopAtLevel                        = 1                                         {product} {command line}
     bool UseCompressedClassPointers               = true                           {product lp64_product} {ergonomic}
     bool UseCompressedOops                        = true                           {product lp64_product} {ergonomic}
     bool UseG1GC                                  = true                                      {product} {ergonomic}
     bool UseLargePagesIndividualAllocation        = false                                  {pd product} {ergonomic}

Logging:
Log output configuration:
 #0: stdout all=warning uptime,level,tags
 #1: stderr all=off uptime,level,tags

Environment Variables:
PATH=C:\Program Files\Common Files\Oracle\Java\javapath;C:\Program Files (x86)\Intel\iCLS Client\;C:\Program Files\Intel\iCLS Client\;C:\WINDOWS\system32;C:\WINDOWS;C:\WINDOWS\System32\Wbem;C:\WINDOWS\System32\WindowsPowerShell\v1.0\;C:\Program Files\Git\cmd;C:\Program Files\Redis\;C:\WINDOWS\System32\OpenSSH\;C:\Users\User\AppData\Roaming\nvm;C:\Program Files\nodejs;C:\Users\User\AppData\Roaming\npm;C:\Users\User\AppData\Local\Microsoft\WindowsApps;C:\dart-sdk\bin;C:\Users\User\AppData\Local\Programs\Microsoft VS Code\bin;C:\Users\User\AppData\Roaming\nvm;C:\Program Files\nodejs;C:\protoc\bin;C:\ngrok\bin;
USERNAME=User
OS=Windows_NT
PROCESSOR_IDENTIFIER=Intel64 Family 6 Model 61 Stepping 4, GenuineIntel



---------------  S Y S T E M  ---------------

OS:
 Windows 10 , 64 bit Build 19041 (10.0.19041.3636)
OS uptime: 0 days 4:24 hours

CPU: total 4 (initial active 4) (2 cores per cpu, 2 threads per core) family 6 model 61 stepping 4 microcode 0x2f, cx8, cmov, fxsr, ht, mmx, 3dnowpref, sse, sse2, sse3, ssse3, sse4.1, sse4.2, popcnt, lzcnt, tsc, tscinvbit, avx, avx2, aes, erms, clmul, bmi1, bmi2, adx, fma, vzeroupper, clflush

Memory: 4k page, system-wide physical 8094M (333M free)
TotalPageFile size 18005M (AvailPageFile size 40M)
current process WorkingSet (physical memory assigned to process): 293M, peak: 293M
current process commit charge ("private bytes"): 327M, peak: 462M

vm_info: Java HotSpot(TM) 64-Bit Server VM (17.0.10+11-LTS-240) for windows-amd64 JRE (17.0.10+11-LTS-240), built on Dec 19 2023 21:47:25 by "mach5one" with MS VC++ 17.1 (VS2022)

END.
